c:\users\mccracken\desktop\code\cpp\compiler\project1\debug\vc142.pdb
c:\users\mccracken\desktop\code\cpp\compiler\project1\debug\vc142.idb
c:\users\mccracken\desktop\code\cpp\compiler\project1\debug\symboltable.obj
c:\users\mccracken\desktop\code\cpp\compiler\project1\debug\reservetable.obj
c:\users\mccracken\desktop\code\cpp\compiler\project1\debug\quadtable.obj
c:\users\mccracken\desktop\code\cpp\compiler\project1\debug\main.obj
c:\users\mccracken\desktop\code\cpp\compiler\project1\debug\interpreter.obj
c:\users\mccracken\desktop\code\cpp\compiler\project1\debug\lexicalanalyzer.obj
c:\users\mccracken\desktop\code\cpp\compiler\project1\debug\globals.obj
c:\users\mccracken\desktop\code\cpp\compiler\project1\debug\syntaxanalyzer.obj
c:\users\mccracken\desktop\code\cpp\compiler\project1\debug\compiler.exe
c:\users\mccracken\desktop\code\cpp\compiler\project1\debug\compiler.ilk
c:\users\mccracken\desktop\code\cpp\compiler\project1\debug\compiler.pdb
c:\users\mccracken\desktop\code\cpp\compiler\project1\debug\main,cpp.obj
c:\users\mccracken\desktop\code\cpp\compiler\project1\debug\lexicalanalyzer.obj.enc
c:\users\mccracken\desktop\code\cpp\compiler\project1\debug\main.new.obj.enc
c:\users\mccracken\desktop\code\cpp\compiler\project1\debug\syntaxanalyzer.obj.enc
c:\users\mccracken\desktop\code\cpp\compiler\project1\debug\project1.ilk
c:\users\mccracken\desktop\code\cpp\compiler\project1\debug\compiler.tlog\cl.command.1.tlog
c:\users\mccracken\desktop\code\cpp\compiler\project1\debug\compiler.tlog\cl.read.1.tlog
c:\users\mccracken\desktop\code\cpp\compiler\project1\debug\compiler.tlog\cl.write.1.tlog
c:\users\mccracken\desktop\code\cpp\compiler\project1\debug\compiler.tlog\link.command.1.tlog
c:\users\mccracken\desktop\code\cpp\compiler\project1\debug\compiler.tlog\link.read.1.tlog
c:\users\mccracken\desktop\code\cpp\compiler\project1\debug\compiler.tlog\link.write.1.tlog
